multiBigwigSummary bins -b /hpc/hub_oudenaarden/jyeung/data/scChiC/public_data/Bcells/bigwigs/renamed/H3K4me1_MatBcell_rep1.bw /hpc/hub_oudenaarden/jyeung/data/scChiC/raw_demultiplexed/bam_cluster_merged/bigwigs_build95_2019-03-28/H3K4me1_cluster_10.bw /hpc/hub_oudenaarden/jyeung/data/scChiC/raw_demultiplexed/bam_cluster_merged/bigwigs_build95_2019-03-28/H3K4me1_cluster_1.bw /hpc/hub_oudenaarden/jyeung/data/scChiC/raw_demultiplexed/bam_cluster_merged/bigwigs_build95_2019-03-28/H3K4me1_cluster_2.bw /hpc/hub_oudenaarden/jyeung/data/scChiC/raw_demultiplexed/bam_cluster_merged/bigwigs_build95_2019-03-28/H3K4me1_cluster_3.bw /hpc/hub_oudenaarden/jyeung/data/scChiC/raw_demultiplexed/bam_cluster_merged/bigwigs_build95_2019-03-28/H3K4me1_cluster_4.bw /hpc/hub_oudenaarden/jyeung/data/scChiC/raw_demultiplexed/bam_cluster_merged/bigwigs_build95_2019-03-28/H3K4me1_cluster_5.bw /hpc/hub_oudenaarden/jyeung/data/scChiC/raw_demultiplexed/bam_cluster_merged/bigwigs_build95_2019-03-28/H3K4me1_cluster_6.bw /hpc/hub_oudenaarden/jyeung/data/scChiC/raw_demultiplexed/bam_cluster_merged/bigwigs_build95_2019-03-28/H3K4me1_cluster_7.bw /hpc/hub_oudenaarden/jyeung/data/scChiC/raw_demultiplexed/bam_cluster_merged/bigwigs_build95_2019-03-28/H3K4me1_cluster_8.bw /hpc/hub_oudenaarden/jyeung/data/scChiC/raw_demultiplexed/bam_cluster_merged/bigwigs_build95_2019-03-28/H3K4me1_cluster_9.bw  -o /hpc/hub_oudenaarden/jyeung/data/scChiC/public_data/comparisons_with_pseudobulk/MatBcell_comparison_build95/H3K4me1_MatBcell_rep1_comparison.npz --binSize 100000
multiBigwigSummary bins -b /hpc/hub_oudenaarden/jyeung/data/scChiC/public_data/Bcells/bigwigs/renamed/H3K4me1_MatBcell_rep2.bw /hpc/hub_oudenaarden/jyeung/data/scChiC/raw_demultiplexed/bam_cluster_merged/bigwigs_build95_2019-03-28/H3K4me1_cluster_10.bw /hpc/hub_oudenaarden/jyeung/data/scChiC/raw_demultiplexed/bam_cluster_merged/bigwigs_build95_2019-03-28/H3K4me1_cluster_1.bw /hpc/hub_oudenaarden/jyeung/data/scChiC/raw_demultiplexed/bam_cluster_merged/bigwigs_build95_2019-03-28/H3K4me1_cluster_2.bw /hpc/hub_oudenaarden/jyeung/data/scChiC/raw_demultiplexed/bam_cluster_merged/bigwigs_build95_2019-03-28/H3K4me1_cluster_3.bw /hpc/hub_oudenaarden/jyeung/data/scChiC/raw_demultiplexed/bam_cluster_merged/bigwigs_build95_2019-03-28/H3K4me1_cluster_4.bw /hpc/hub_oudenaarden/jyeung/data/scChiC/raw_demultiplexed/bam_cluster_merged/bigwigs_build95_2019-03-28/H3K4me1_cluster_5.bw /hpc/hub_oudenaarden/jyeung/data/scChiC/raw_demultiplexed/bam_cluster_merged/bigwigs_build95_2019-03-28/H3K4me1_cluster_6.bw /hpc/hub_oudenaarden/jyeung/data/scChiC/raw_demultiplexed/bam_cluster_merged/bigwigs_build95_2019-03-28/H3K4me1_cluster_7.bw /hpc/hub_oudenaarden/jyeung/data/scChiC/raw_demultiplexed/bam_cluster_merged/bigwigs_build95_2019-03-28/H3K4me1_cluster_8.bw /hpc/hub_oudenaarden/jyeung/data/scChiC/raw_demultiplexed/bam_cluster_merged/bigwigs_build95_2019-03-28/H3K4me1_cluster_9.bw  -o /hpc/hub_oudenaarden/jyeung/data/scChiC/public_data/comparisons_with_pseudobulk/MatBcell_comparison_build95/H3K4me1_MatBcell_rep2_comparison.npz --binSize 100000
multiBigwigSummary bins -b /hpc/hub_oudenaarden/jyeung/data/scChiC/public_data/Bcells/bigwigs/renamed/H3K4me3_MatBcell_rep1.bw /hpc/hub_oudenaarden/jyeung/data/scChiC/raw_demultiplexed/bam_cluster_merged/bigwigs_build95_2019-03-28/H3K4me3_cluster_1.bw /hpc/hub_oudenaarden/jyeung/data/scChiC/raw_demultiplexed/bam_cluster_merged/bigwigs_build95_2019-03-28/H3K4me3_cluster_2.bw /hpc/hub_oudenaarden/jyeung/data/scChiC/raw_demultiplexed/bam_cluster_merged/bigwigs_build95_2019-03-28/H3K4me3_cluster_3.bw /hpc/hub_oudenaarden/jyeung/data/scChiC/raw_demultiplexed/bam_cluster_merged/bigwigs_build95_2019-03-28/H3K4me3_cluster_4.bw /hpc/hub_oudenaarden/jyeung/data/scChiC/raw_demultiplexed/bam_cluster_merged/bigwigs_build95_2019-03-28/H3K4me3_cluster_5.bw /hpc/hub_oudenaarden/jyeung/data/scChiC/raw_demultiplexed/bam_cluster_merged/bigwigs_build95_2019-03-28/H3K4me3_cluster_6.bw  -o /hpc/hub_oudenaarden/jyeung/data/scChiC/public_data/comparisons_with_pseudobulk/MatBcell_comparison_build95/H3K4me3_MatBcell_rep1_comparison.npz --binSize 100000
multiBigwigSummary bins -b /hpc/hub_oudenaarden/jyeung/data/scChiC/public_data/Bcells/bigwigs/renamed/H3K27me3_MatBcell_rep1.bw /hpc/hub_oudenaarden/jyeung/data/scChiC/raw_demultiplexed/bam_cluster_merged/bigwigs_build95_2019-03-28/H3K27me3_cluster_1.bw /hpc/hub_oudenaarden/jyeung/data/scChiC/raw_demultiplexed/bam_cluster_merged/bigwigs_build95_2019-03-28/H3K27me3_cluster_2.bw /hpc/hub_oudenaarden/jyeung/data/scChiC/raw_demultiplexed/bam_cluster_merged/bigwigs_build95_2019-03-28/H3K27me3_cluster_3.bw /hpc/hub_oudenaarden/jyeung/data/scChiC/raw_demultiplexed/bam_cluster_merged/bigwigs_build95_2019-03-28/H3K27me3_cluster_4.bw /hpc/hub_oudenaarden/jyeung/data/scChiC/raw_demultiplexed/bam_cluster_merged/bigwigs_build95_2019-03-28/H3K27me3_cluster_5.bw /hpc/hub_oudenaarden/jyeung/data/scChiC/raw_demultiplexed/bam_cluster_merged/bigwigs_build95_2019-03-28/H3K27me3_cluster_6.bw /hpc/hub_oudenaarden/jyeung/data/scChiC/raw_demultiplexed/bam_cluster_merged/bigwigs_build95_2019-03-28/H3K27me3_cluster_7.bw  -o /hpc/hub_oudenaarden/jyeung/data/scChiC/public_data/comparisons_with_pseudobulk/MatBcell_comparison_build95/H3K27me3_MatBcell_rep1_comparison.npz --binSize 100000

The following chromosome names did not match between the the bigwig files
chromosome	length
  chrJH584302.1	    155838
  chrERCC-00013	       808
  chrERCC-00025	      1994
  chrERCC-00083	      1022
 chrUn_GL456387	     24685
  chrGL456212.1	    153618
  chrERCC-00003	      1023
  chrERCC-00168	      1024
  chrJH584298.1	    184189
  chrGL456392.1	     23629
  chrERCC-00123	      1022
  chrERCC-00016	       844
  chrERCC-00077	       273
  chrERCC-00057	      1021
  chrERCC-00163	       543
  chrERCC-00112	      1136
 chrUn_GL456370	     26764
 chrUn_GL456382	     23158
  chrJH584301.1	    259875
  chrJH584299.1	    953012
  chrERCC-00051	       274
  chrERCC-00079	       644
  chrGL456239.1	     40056
  chrERCC-00074	       522
  chrGL456379.1	     72385
  chrERCC-00062	      1023
  chrERCC-00120	       536
  chrERCC-00157	      1019
  chrERCC-00078	       993
  chrERCC-00095	       521
  chrERCC-00024	       536
 chrUn_GL456390	     24668
  chrGL456381.1	     25871
  chrERCC-00150	       743
  chrGL456387.1	     24685
  chrERCC-00042	      1023
  chrJH584293.1	    207968
  chrGL456383.1	     38659
  chrERCC-00012	       994
  chrERCC-00067	       644
  chrERCC-00099	      1350
  chrGL456396.1	     21240
  chrERCC-00075	      1023
  chrERCC-00046	       522
chr1_GL456212_random	    153618
  chrGL456393.1	     55711
  chrGL456354.1	    195993
  chrGL456394.1	     24323
  chrGL456360.1	     31704
  chrERCC-00058	      1136
  chrERCC-00143	       784
  chrGL456350.1	    227966
  chrERCC-00148	       494
chr4_GL456216_random	     66673
  chrERCC-00104	      2022
  chrERCC-00126	      1118
 chrUn_GL456239	     40056
chr1_GL456221_random	    206961
chrX_GL456233_random	    336933
  chrERCC-00069	      1137
  chrERCC-00014	      1957
  chrERCC-00084	       994
  chrGL456219.1	    175968
  chrERCC-00145	      1042
  chrERCC-00033	      2022
  chrGL456213.1	     39340
 chrUn_GL456359	     22974
  chrERCC-00044	      1156
 chrUn_GL456389	     28772
 chrUn_GL456393	     55711
  chrERCC-00171	       505
  chrERCC-00092	      1124
  chrERCC-00096	      1107
  chrGL456389.1	     28772
  chrGL456366.1	     47073
 chrUn_GL456383	     38659
  chrERCC-00158	      1027
  chrERCC-00147	      1023
  chrERCC-00043	      1023
  chrERCC-00138	      1024
  chrERCC-00162	       523
  chrERCC-00039	       740
  chrGL456210.1	    169725
           chrM	     16299
  chrERCC-00170	      1023
  chrERCC-00073	       603
  chrERCC-00085	       844
  chrERCC-00053	      1023
  chrERCC-00060	       523
  chrERCC-00111	       994
  chrERCC-00160	       743
  chrERCC-00028	      1130
  chrERCC-00164	      1022
 chrUn_GL456396	     21240
  chrGL456367.1	     42057
  chrJH584292.1	     14945
  chrERCC-00165	       872
  chrGL456372.1	     28664
chr5_JH584299_random	    953012
chr1_GL456210_random	    169725
  chrERCC-00131	       771
  chrERCC-00117	      1136
 chrUn_GL456368	     20208
  chrGL456390.1	     24668
  chrERCC-00076	       642
 chrUn_GL456381	     25871
 chrUn_GL456379	     72385
  chrERCC-00034	      1019
  chrERCC-00134	       274
  chrERCC-00137	       537
  chrERCC-00061	      1136
 chrUn_GL456372	     28664
  chrJH584295.1	      1976
  chrJH584303.1	    158099
  chrGL456216.1	     66673
  chrGL456359.1	     22974
  chrERCC-00097	       523
  chrERCC-00142	       493
 chrUn_GL456378	     31602
  chrERCC-00098	      1143
  chrERCC-00035	      1130
          chrMT	     16299
  chrJH584304.1	    114452
  chrERCC-00048	       992
  chrERCC-00109	       536
  chrERCC-00017	      1136
  chrERCC-00156	       494
  chrERCC-00108	      1022
  chrERCC-00031	      1138
  chrERCC-00136	      1033
  chrERCC-00113	       840
 chrUn_GL456394	     24323
  chrGL456370.1	     26764
  chrGL456378.1	     31602
 chrUn_GL456366	     47073
  chrJH584300.1	    182347
  chrGL456233.1	    336933
  chrERCC-00116	      1991
  chrGL456382.1	     23158
  chrGL456368.1	     20208
 chrUn_GL456392	     23629
chr1_GL456211_random	    241735
  chrERCC-00130	      1059
  chrJH584294.1	    191905
  chrGL456221.1	    206961
 chrUn_GL456385	     35240
  chrGL456385.1	     35240
  chrERCC-00086	      1020
  chrERCC-00059	       525
  chrERCC-00041	      1122
  chrERCC-00022	       751
  chrERCC-00081	       534
  chrERCC-00004	       523
 chrUn_GL456360	     31704
  chrERCC-00054	       274
  chrERCC-00154	       537
  chrJH584296.1	    199368
  chrERCC-00071	       642
  chrERCC-00040	       744
  chrERCC-00002	      1061
 chrUn_GL456367	     42057
  chrERCC-00019	       644
  chrERCC-00009	       984
  chrERCC-00144	       538
  chrJH584297.1	    205776
  chrGL456211.1	    241735
Number of bins found: 27268

The following chromosome names did not match between the the bigwig files
chromosome	length
  chrGL456383.1	     38659
  chrERCC-00116	      1991
 chrUn_GL456379	     72385
  chrERCC-00060	       523
  chrERCC-00163	       543
  chrERCC-00054	       274
chr1_GL456221_random	    206961
  chrERCC-00014	      1957
 chrUn_GL456390	     24668
  chrERCC-00154	       537
  chrERCC-00171	       505
  chrERCC-00136	      1033
  chrGL456359.1	     22974
  chrERCC-00081	       534
  chrERCC-00069	      1137
 chrUn_GL456387	     24685
  chrERCC-00067	       644
  chrGL456367.1	     42057
  chrGL456239.1	     40056
  chrERCC-00137	       537
  chrJH584299.1	    953012
  chrERCC-00039	       740
  chrGL456350.1	    227966
 chrUn_GL456368	     20208
  chrERCC-00051	       274
  chrERCC-00079	       644
  chrGL456219.1	    175968
  chrERCC-00170	      1023
 chrUn_GL456370	     26764
  chrERCC-00165	       872
  chrERCC-00046	       522
  chrERCC-00112	      1136
 chrUn_GL456396	     21240
  chrERCC-00120	       536
  chrERCC-00156	       494
  chrGL456385.1	     35240
  chrERCC-00041	      1122
  chrERCC-00085	       844
  chrJH584304.1	    114452
  chrJH584294.1	    191905
  chrERCC-00147	      1023
  chrERCC-00059	       525
  chrERCC-00076	       642
  chrERCC-00157	      1019
  chrERCC-00034	      1019
  chrERCC-00071	       642
  chrERCC-00002	      1061
  chrGL456370.1	     26764
  chrGL456360.1	     31704
 chrUn_GL456394	     24323
 chrUn_GL456383	     38659
  chrERCC-00092	      1124
 chrUn_GL456367	     42057
  chrERCC-00078	       993
  chrERCC-00099	      1350
chr1_GL456211_random	    241735
chr1_GL456212_random	    153618
  chrERCC-00097	       523
  chrERCC-00013	       808
 chrUn_GL456372	     28664
  chrERCC-00074	       522
  chrERCC-00145	      1042
  chrGL456221.1	    206961
  chrERCC-00077	       273
  chrERCC-00048	       992
  chrGL456212.1	    153618
  chrERCC-00004	       523
  chrJH584301.1	    259875
  chrERCC-00033	      2022
  chrERCC-00096	      1107
  chrGL456366.1	     47073
  chrERCC-00113	       840
  chrGL456393.1	     55711
  chrGL456390.1	     24668
  chrERCC-00131	       771
  chrERCC-00042	      1023
  chrERCC-00009	       984
  chrERCC-00017	      1136
  chrERCC-00053	      1023
  chrJH584293.1	    207968
  chrGL456392.1	     23629
  chrJH584298.1	    184189
  chrGL456396.1	     21240
  chrERCC-00084	       994
 chrUn_GL456366	     47073
  chrGL456381.1	     25871
  chrERCC-00028	      1130
  chrGL456213.1	     39340
  chrERCC-00012	       994
  chrGL456372.1	     28664
  chrJH584296.1	    199368
  chrJH584295.1	      1976
  chrGL456216.1	     66673
 chrUn_GL456389	     28772
 chrUn_GL456385	     35240
 chrUn_GL456360	     31704
 chrUn_GL456392	     23629
  chrGL456233.1	    336933
  chrERCC-00019	       644
  chrERCC-00126	      1118
  chrGL456368.1	     20208
  chrGL456379.1	     72385
  chrERCC-00073	       603
  chrERCC-00098	      1143
  chrERCC-00024	       536
  chrERCC-00150	       743
  chrGL456211.1	    241735
  chrERCC-00031	      1138
  chrERCC-00134	       274
  chrERCC-00168	      1024
  chrERCC-00095	       521
  chrERCC-00142	       493
  chrERCC-00160	       743
  chrERCC-00016	       844
  chrERCC-00143	       784
  chrERCC-00044	      1156
  chrERCC-00148	       494
chr5_JH584299_random	    953012
chr1_GL456210_random	    169725
  chrJH584302.1	    155838
  chrERCC-00086	      1020
  chrERCC-00035	      1130
  chrERCC-00003	      1023
  chrERCC-00025	      1994
  chrGL456354.1	    195993
  chrERCC-00162	       523
 chrUn_GL456393	     55711
  chrERCC-00158	      1027
  chrGL456394.1	     24323
  chrGL456378.1	     31602
  chrERCC-00108	      1022
  chrERCC-00083	      1022
  chrGL456210.1	    169725
  chrJH584300.1	    182347
  chrERCC-00061	      1136
           chrM	     16299
  chrERCC-00130	      1059
          chrMT	     16299
 chrUn_GL456239	     40056
 chrUn_GL456378	     31602
  chrERCC-00117	      1136
  chrERCC-00144	       538
  chrERCC-00123	      1022
  chrERCC-00164	      1022
  chrGL456387.1	     24685
  chrJH584297.1	    205776
 chrUn_GL456382	     23158
  chrGL456389.1	     28772
 chrUn_GL456359	     22974
 chrUn_GL456381	     25871
chr4_GL456216_random	     66673
  chrERCC-00062	      1023
chrX_GL456233_random	    336933
  chrJH584292.1	     14945
  chrERCC-00057	      1021
  chrERCC-00058	      1136
  chrJH584303.1	    158099
  chrERCC-00040	       744
  chrGL456382.1	     23158
  chrERCC-00138	      1024
  chrERCC-00104	      2022
  chrERCC-00109	       536
  chrERCC-00075	      1023
  chrERCC-00022	       751
  chrERCC-00111	       994
  chrERCC-00043	      1023
Number of bins found: 27268

The following chromosome names did not match between the the bigwig files
chromosome	length
          chrMT	     16299
  chrGL456359.1	     22974
 chrUn_GL456381	     25871
  chrGL456378.1	     31602
  chrGL456372.1	     28664
 chrUn_GL456370	     26764
  chrERCC-00028	      1130
  chrERCC-00039	       740
  chrERCC-00160	       743
  chrERCC-00042	      1023
chr1_GL456210_random	    169725
  chrJH584295.1	      1976
  chrGL456387.1	     24685
  chrERCC-00126	      1118
  chrERCC-00073	       603
  chrGL456219.1	    175968
 chrUn_GL456392	     23629
 chrUn_GL456390	     24668
  chrERCC-00171	       505
  chrERCC-00142	       493
  chrGL456350.1	    227966
  chrERCC-00051	       274
 chrUn_GL456359	     22974
  chrJH584293.1	    207968
 chrUn_GL456396	     21240
  chrERCC-00067	       644
  chrERCC-00002	      1061
  chrERCC-00111	       994
  chrERCC-00069	      1137
  chrERCC-00147	      1023
  chrERCC-00096	      1107
  chrGL456367.1	     42057
  chrERCC-00098	      1143
 chrUn_GL456394	     24323
  chrGL456383.1	     38659
 chrUn_GL456393	     55711
 chrUn_GL456378	     31602
  chrERCC-00079	       644
  chrERCC-00074	       522
  chrERCC-00130	      1059
  chrERCC-00170	      1023
  chrERCC-00097	       523
  chrERCC-00057	      1021
  chrERCC-00117	      1136
  chrERCC-00075	      1023
  chrERCC-00104	      2022
  chrERCC-00084	       994
  chrGL456368.1	     20208
  chrERCC-00150	       743
  chrERCC-00043	      1023
  chrGL456379.1	     72385
  chrERCC-00085	       844
 chrUn_GL456367	     42057
  chrGL456216.1	     66673
  chrERCC-00113	       840
           chrM	     16299
  chrERCC-00048	       992
  chrJH584304.1	    114452
  chrERCC-00083	      1022
  chrJH584298.1	    184189
  chrERCC-00144	       538
  chrJH584303.1	    158099
  chrERCC-00081	       534
  chrERCC-00158	      1027
 chrUn_GL456366	     47073
  chrERCC-00034	      1019
  chrERCC-00017	      1136
  chrGL456370.1	     26764
  chrERCC-00016	       844
  chrGL456390.1	     24668
  chrERCC-00024	       536
  chrERCC-00108	      1022
  chrERCC-00003	      1023
  chrERCC-00053	      1023
chrX_GL456233_random	    336933
 chrUn_GL456360	     31704
  chrERCC-00071	       642
  chrERCC-00044	      1156
  chrERCC-00092	      1124
  chrERCC-00156	       494
  chrERCC-00054	       274
  chrGL456221.1	    206961
  chrGL456366.1	     47073
  chrERCC-00112	      1136
chr1_GL456211_random	    241735
  chrJH584302.1	    155838
  chrERCC-00163	       543
  chrJH584294.1	    191905
  chrERCC-00109	       536
  chrERCC-00013	       808
  chrGL456394.1	     24323
chr5_JH584299_random	    953012
  chrERCC-00086	      1020
  chrERCC-00145	      1042
  chrERCC-00116	      1991
  chrERCC-00046	       522
  chrERCC-00062	      1023
  chrGL456396.1	     21240
  chrGL456212.1	    153618
  chrERCC-00137	       537
  chrJH584297.1	    205776
  chrERCC-00138	      1024
  chrGL456389.1	     28772
chr4_GL456350_random	    227966
  chrERCC-00061	      1136
  chrERCC-00077	       273
  chrJH584299.1	    953012
  chrERCC-00033	      2022
chr4_GL456216_random	     66673
  chrERCC-00157	      1019
  chrGL456210.1	    169725
  chrERCC-00078	       993
  chrERCC-00136	      1033
 chrUn_GL456387	     24685
 chrUn_GL456379	     72385
  chrERCC-00041	      1122
  chrERCC-00168	      1024
  chrERCC-00040	       744
  chrGL456211.1	    241735
chr1_GL456212_random	    153618
  chrERCC-00014	      1957
  chrERCC-00099	      1350
 chrUn_GL456372	     28664
  chrGL456393.1	     55711
  chrGL456360.1	     31704
  chrGL456382.1	     23158
  chrERCC-00025	      1994
  chrJH584301.1	    259875
  chrERCC-00131	       771
 chrUn_GL456368	     20208
  chrGL456392.1	     23629
 chrUn_GL456382	     23158
  chrERCC-00148	       494
  chrGL456385.1	     35240
  chrGL456381.1	     25871
  chrJH584296.1	    199368
  chrERCC-00095	       521
  chrGL456354.1	    195993
  chrERCC-00004	       523
  chrJH584292.1	     14945
  chrERCC-00035	      1130
 chrUn_GL456385	     35240
  chrGL456239.1	     40056
  chrERCC-00164	      1022
  chrERCC-00165	       872
  chrERCC-00134	       274
  chrERCC-00009	       984
  chrERCC-00022	       751
  chrERCC-00058	      1136
  chrGL456233.1	    336933
  chrERCC-00143	       784
  chrERCC-00059	       525
  chrERCC-00012	       994
  chrERCC-00076	       642
  chrERCC-00162	       523
 chrUn_GL456383	     38659
  chrERCC-00019	       644
  chrERCC-00120	       536
  chrERCC-00154	       537
  chrERCC-00031	      1138
  chrJH584300.1	    182347
chr1_GL456221_random	    206961
  chrERCC-00060	       523
  chrERCC-00123	      1022
 chrUn_GL456389	     28772
  chrGL456213.1	     39340
 chrUn_GL456239	     40056
Number of bins found: 27268

The following chromosome names did not match between the the bigwig files
chromosome	length
  chrGL456392.1	     23629
  chrERCC-00031	      1138
  chrGL456390.1	     24668
 chrUn_GL456390	     24668
  chrERCC-00069	      1137
  chrERCC-00156	       494
 chrUn_GL456385	     35240
  chrERCC-00123	      1022
  chrERCC-00165	       872
  chrGL456219.1	    175968
  chrGL456393.1	     55711
  chrGL456385.1	     35240
  chrERCC-00053	      1023
  chrERCC-00098	      1143
 chrUn_GL456393	     55711
chr1_GL456212_random	    153618
  chrERCC-00051	       274
  chrJH584301.1	    259875
chr1_GL456210_random	    169725
  chrERCC-00108	      1022
  chrERCC-00059	       525
  chrJH584302.1	    155838
  chrERCC-00120	       536
  chrERCC-00074	       522
  chrERCC-00012	       994
 chrUn_GL456382	     23158
  chrERCC-00171	       505
  chrJH584292.1	     14945
  chrGL456368.1	     20208
           chrM	     16299
 chrUn_GL456381	     25871
  chrGL456381.1	     25871
  chrERCC-00034	      1019
  chrGL456387.1	     24685
  chrERCC-00160	       743
  chrERCC-00097	       523
  chrERCC-00162	       523
  chrJH584295.1	      1976
  chrGL456239.1	     40056
  chrERCC-00067	       644
  chrGL456367.1	     42057
  chrJH584294.1	    191905
  chrGL456212.1	    153618
  chrERCC-00138	      1024
chr1_GL456221_random	    206961
  chrERCC-00144	       538
chr5_JH584299_random	    953012
  chrGL456378.1	     31602
  chrERCC-00077	       273
  chrERCC-00104	      2022
  chrERCC-00130	      1059
  chrERCC-00084	       994
  chrERCC-00022	       751
  chrGL456382.1	     23158
  chrERCC-00041	      1122
  chrERCC-00136	      1033
 chrUn_GL456366	     47073
 chrUn_GL456379	     72385
 chrUn_GL456396	     21240
  chrERCC-00081	       534
  chrERCC-00009	       984
  chrJH584299.1	    953012
  chrERCC-00004	       523
  chrERCC-00013	       808
  chrERCC-00002	      1061
  chrERCC-00071	       642
  chrJH584298.1	    184189
 chrUn_GL456394	     24323
  chrERCC-00048	       992
 chrUn_GL456359	     22974
  chrERCC-00039	       740
  chrERCC-00057	      1021
  chrERCC-00147	      1023
  chrERCC-00083	      1022
  chrERCC-00086	      1020
  chrJH584296.1	    199368
  chrERCC-00025	      1994
  chrERCC-00142	       493
  chrERCC-00111	       994
  chrERCC-00016	       844
  chrJH584300.1	    182347
  chrERCC-00157	      1019
chr7_GL456219_random	    175968
  chrERCC-00033	      2022
  chrERCC-00145	      1042
 chrUn_GL456368	     20208
  chrERCC-00085	       844
  chrGL456350.1	    227966
 chrUn_GL456378	     31602
  chrGL456213.1	     39340
  chrERCC-00117	      1136
  chrERCC-00163	       543
  chrERCC-00076	       642
  chrGL456216.1	     66673
  chrERCC-00154	       537
          chrMT	     16299
  chrERCC-00014	      1957
  chrERCC-00099	      1350
  chrERCC-00073	       603
 chrUn_GL456387	     24685
  chrERCC-00060	       523
  chrGL456389.1	     28772
  chrERCC-00044	      1156
  chrERCC-00035	      1130
  chrJH584297.1	    205776
  chrERCC-00075	      1023
  chrERCC-00148	       494
 chrUn_GL456239	     40056
  chrGL456394.1	     24323
 chrUn_GL456370	     26764
  chrERCC-00112	      1136
  chrGL456370.1	     26764
  chrERCC-00028	      1130
  chrERCC-00040	       744
  chrERCC-00131	       771
  chrERCC-00126	      1118
  chrERCC-00078	       993
  chrERCC-00054	       274
  chrERCC-00137	       537
  chrERCC-00143	       784
  chrERCC-00170	      1023
  chrERCC-00079	       644
  chrERCC-00095	       521
  chrERCC-00168	      1024
  chrJH584303.1	    158099
  chrGL456354.1	    195993
 chrUn_GL456392	     23629
  chrERCC-00092	      1124
  chrGL456379.1	     72385
  chrGL456233.1	    336933
  chrERCC-00042	      1023
  chrERCC-00116	      1991
  chrJH584293.1	    207968
chr4_GL456216_random	     66673
  chrERCC-00024	       536
  chrERCC-00043	      1023
  chrERCC-00061	      1136
  chrERCC-00046	       522
  chrGL456210.1	    169725
  chrERCC-00113	       840
  chrGL456383.1	     38659
 chrUn_GL456372	     28664
 chrUn_GL456360	     31704
  chrERCC-00134	       274
  chrGL456211.1	    241735
  chrGL456366.1	     47073
  chrERCC-00058	      1136
  chrERCC-00164	      1022
  chrERCC-00150	       743
  chrERCC-00019	       644
  chrERCC-00096	      1107
chr1_GL456211_random	    241735
  chrERCC-00003	      1023
  chrGL456360.1	     31704
 chrUn_GL456367	     42057
 chrUn_GL456389	     28772
  chrJH584304.1	    114452
  chrERCC-00158	      1027
  chrGL456372.1	     28664
  chrERCC-00017	      1136
  chrGL456396.1	     21240
chrX_GL456233_random	    336933
  chrGL456221.1	    206961
  chrERCC-00109	       536
  chrERCC-00062	      1023
 chrUn_GL456383	     38659
  chrGL456359.1	     22974
Number of bins found: 27268
