
Attaching package: ‘dplyr’

The following objects are masked from ‘package:stats’:

    filter, lag

The following objects are masked from ‘package:base’:

    intersect, setdiff, setequal, union

[1] "Work directory:  /home/hub_oudenaarden/jyeung/projects/scChiC"
[1] "input args:"
 [1] "/hpc/hub_oudenaarden/jyeung/data/scChiC/raw_demultiplexed/count_mats_all/count_mats.fromHiddenDomains.1000_build95.withchr.cells_from_bin_analysis/PZ-BM-H3K4me1.merged.NoCountThres.hiddenDomains.Robj"              
 [2] "/hpc/hub_oudenaarden/jyeung/data/scChiC/raw_demultiplexed/LDA_outputs_all/ldaAnalysis_HD_only_1000_build95.withchr.cells_from_bin_analysis_2019-04-19/lda_outputs.meanfilt_10.cellmin_0.cellmax_9999999.binarize.TRUE"
 [3] "20"                                                                                                                                                                                                                   
 [4] "25,50"                                                                                                                                                                                                                
 [5] "TRUE"                                                                                                                                                                                                                 
 [6] "10"                                                                                                                                                                                                                   
 [7] "0"                                                                                                                                                                                                                    
 [8] "9999999"                                                                                                                                                                                                              
 [9] "TRUE"                                                                                                                                                                                                                 
[10] "PZ-BM-H3K4me1.CountThres0.K-25_50"                                                                                                                                                                                    
[1] "Will iterate through 2 Ks"
[1] 25 50
[1] "Args:"
[1] "/hpc/hub_oudenaarden/jyeung/data/scChiC/raw_demultiplexed/count_mats_all/count_mats.fromHiddenDomains.1000_build95.withchr.cells_from_bin_analysis/PZ-BM-H3K4me1.merged.NoCountThres.hiddenDomains.Robj /hpc/hub_oudenaarden/jyeung/data/scChiC/raw_demultiplexed/LDA_outputs_all/ldaAnalysis_HD_only_1000_build95.withchr.cells_from_bin_analysis_2019-04-19/lda_outputs.meanfilt_10.cellmin_0.cellmax_9999999.binarize.TRUE 20 25 TRUE 0 9999999 TRUE"
[2] "/hpc/hub_oudenaarden/jyeung/data/scChiC/raw_demultiplexed/count_mats_all/count_mats.fromHiddenDomains.1000_build95.withchr.cells_from_bin_analysis/PZ-BM-H3K4me1.merged.NoCountThres.hiddenDomains.Robj /hpc/hub_oudenaarden/jyeung/data/scChiC/raw_demultiplexed/LDA_outputs_all/ldaAnalysis_HD_only_1000_build95.withchr.cells_from_bin_analysis_2019-04-19/lda_outputs.meanfilt_10.cellmin_0.cellmax_9999999.binarize.TRUE 20 50 TRUE 0 9999999 TRUE"
Loading objects:
  count.dat
[1] 484078   1436
Warning message:
Removed 117498 rows containing missing values (geom_point). 
Warning message:
Transformation introduced infinite values in continuous y-axis 
null device 
          1 
character(0)
[1] "There are 0 peaks with more than 10 counts. Removing them..."
[1] "Dimensions before filtering peaks..."
[1] 484078   1436
[1] "Dimensions after filtering peaks..."
[1] 484078   1436
[1] "Dimensions after filtering peaks M chromos"
[1] 484078   1436
[1] "Dimensions before filtering cells"
[1] 484078   1436
[1] "Dimensions after filtering cells..."
[1] 484078   1436
[1] "Running LDA"
[1] "Max count after binarizing 1"
[1] "Running multicore LDA for topics:"
[1] 25 50
[1] "Saving LDA"
[1] "Time elapsed after LDA"
Time difference of 1.324415 hours
[1] "Time elapsed after tuning"
Time difference of 1.324417 hours
1 wait
