Rscript /home/hub_oudenaarden/jyeung/projects/scChiC/scripts/processing/lib/downstream_LDA_100kb.R H3K4me1 /hpc/hub_oudenaarden/jyeung/data/scChiC/raw_demultiplexed/LDA_outputs_all/ldaAnalysisBins_MetaCell/lda_outputs.meanfilt_10.cellmin_550.cellmax_500000.binarize.FALSE.no_filt/lda_out_meanfilt.BM-H3K4me1.CountThres0.K-20_25_30_35.Robj /hpc/hub_oudenaarden/jyeung/data/scChiC/plot_outputs/H3K4me1_Build95_meanfilt_10.cellmin_550.cellmax_500000.binarize.FALSE_20_25_30_35.pdf
Rscript /home/hub_oudenaarden/jyeung/projects/scChiC/scripts/processing/lib/downstream_LDA_100kb.R H3K4me3 /hpc/hub_oudenaarden/jyeung/data/scChiC/raw_demultiplexed/LDA_outputs_all/ldaAnalysisBins_MetaCell/lda_outputs.meanfilt_10.cellmin_550.cellmax_500000.binarize.FALSE.no_filt/lda_out_meanfilt.BM-H3K4me3.CountThres0.K-20_25_30_35.Robj /hpc/hub_oudenaarden/jyeung/data/scChiC/plot_outputs/H3K4me3_Build95_meanfilt_10.cellmin_550.cellmax_500000.binarize.FALSE_20_25_30_35.pdf
Rscript /home/hub_oudenaarden/jyeung/projects/scChiC/scripts/processing/lib/downstream_LDA_100kb.R H3K9me3 /hpc/hub_oudenaarden/jyeung/data/scChiC/raw_demultiplexed/LDA_outputs_all/ldaAnalysisBins_MetaCell/lda_outputs.meanfilt_10.cellmin_550.cellmax_500000.binarize.FALSE.no_filt/lda_out_meanfilt.BM-H3K9me3.CountThres0.K-20_25_30_35.Robj /hpc/hub_oudenaarden/jyeung/data/scChiC/plot_outputs/H3K9me3_Build95_meanfilt_10.cellmin_550.cellmax_500000.binarize.FALSE_20_25_30_35.pdf
[1] "H3K4me1"                                                                                                                                                                                                                                
[2] "/hpc/hub_oudenaarden/jyeung/data/scChiC/raw_demultiplexed/LDA_outputs_all/ldaAnalysisBins_MetaCell/lda_outputs.meanfilt_10.cellmin_550.cellmax_500000.binarize.FALSE.no_filt/lda_out_meanfilt.BM-H3K4me1.CountThres0.K-20_25_30_35.Robj"
[3] "/hpc/hub_oudenaarden/jyeung/data/scChiC/plot_outputs/H3K4me1_Build95_meanfilt_10.cellmin_550.cellmax_500000.binarize.FALSE_20_25_30_35.pdf"                                                                                             
[1] "H3K9me3"                                                                                                                                                                                                                                
[2] "/hpc/hub_oudenaarden/jyeung/data/scChiC/raw_demultiplexed/LDA_outputs_all/ldaAnalysisBins_MetaCell/lda_outputs.meanfilt_10.cellmin_550.cellmax_500000.binarize.FALSE.no_filt/lda_out_meanfilt.BM-H3K9me3.CountThres0.K-20_25_30_35.Robj"
[3] "/hpc/hub_oudenaarden/jyeung/data/scChiC/plot_outputs/H3K9me3_Build95_meanfilt_10.cellmin_550.cellmax_500000.binarize.FALSE_20_25_30_35.pdf"                                                                                             
[1] "H3K4me3"                                                                                                                                                                                                                                
[2] "/hpc/hub_oudenaarden/jyeung/data/scChiC/raw_demultiplexed/LDA_outputs_all/ldaAnalysisBins_MetaCell/lda_outputs.meanfilt_10.cellmin_550.cellmax_500000.binarize.FALSE.no_filt/lda_out_meanfilt.BM-H3K4me3.CountThres0.K-20_25_30_35.Robj"
[3] "/hpc/hub_oudenaarden/jyeung/data/scChiC/plot_outputs/H3K4me3_Build95_meanfilt_10.cellmin_550.cellmax_500000.binarize.FALSE_20_25_30_35.pdf"                                                                                             
[1] TRUE
[1] TRUE
[1] TRUE

Attaching package: ‘dplyr’

The following objects are masked from ‘package:stats’:

    filter, lag

The following objects are masked from ‘package:base’:

    intersect, setdiff, setequal, union


Attaching package: ‘dplyr’

The following objects are masked from ‘package:stats’:

    filter, lag

The following objects are masked from ‘package:base’:

    intersect, setdiff, setequal, union


Attaching package: ‘dplyr’

The following objects are masked from ‘package:stats’:

    filter, lag

The following objects are masked from ‘package:base’:

    intersect, setdiff, setequal, union

Loading required package: stats4
Loading required package: BiocGenerics
Loading required package: parallel
Loading required package: stats4
Loading required package: BiocGenerics
Loading required package: parallel
Loading required package: stats4
Loading required package: BiocGenerics
Loading required package: parallel

Attaching package: ‘BiocGenerics’

The following objects are masked from ‘package:parallel’:

    clusterApply, clusterApplyLB, clusterCall, clusterEvalQ,
    clusterExport, clusterMap, parApply, parCapply, parLapply,
    parLapplyLB, parRapply, parSapply, parSapplyLB

The following objects are masked from ‘package:dplyr’:

    combine, intersect, setdiff, union

The following objects are masked from ‘package:stats’:

    IQR, mad, sd, var, xtabs

The following objects are masked from ‘package:base’:

    anyDuplicated, append, as.data.frame, basename, cbind, colMeans,
    colnames, colSums, dirname, do.call, duplicated, eval, evalq,
    Filter, Find, get, grep, grepl, intersect, is.unsorted, lapply,
    lengths, Map, mapply, match, mget, order, paste, pmax, pmax.int,
    pmin, pmin.int, Position, rank, rbind, Reduce, rowMeans, rownames,
    rowSums, sapply, setdiff, sort, table, tapply, union, unique,
    unsplit, which, which.max, which.min

Loading required package: S4Vectors

Attaching package: ‘BiocGenerics’

The following objects are masked from ‘package:parallel’:

    clusterApply, clusterApplyLB, clusterCall, clusterEvalQ,
    clusterExport, clusterMap, parApply, parCapply, parLapply,
    parLapplyLB, parRapply, parSapply, parSapplyLB

The following objects are masked from ‘package:dplyr’:

    combine, intersect, setdiff, union


Attaching package: ‘BiocGenerics’

The following objects are masked from ‘package:stats’:

    IQR, mad, sd, var, xtabs

The following objects are masked from ‘package:parallel’:

    clusterApply, clusterApplyLB, clusterCall, clusterEvalQ,
    clusterExport, clusterMap, parApply, parCapply, parLapply,
    parLapplyLB, parRapply, parSapply, parSapplyLB

The following objects are masked from ‘package:dplyr’:

    combine, intersect, setdiff, union

The following objects are masked from ‘package:stats’:

    IQR, mad, sd, var, xtabs

The following objects are masked from ‘package:base’:

    anyDuplicated, append, as.data.frame, basename, cbind, colMeans,
    colnames, colSums, dirname, do.call, duplicated, eval, evalq,
    Filter, Find, get, grep, grepl, intersect, is.unsorted, lapply,
    lengths, Map, mapply, match, mget, order, paste, pmax, pmax.int,
    pmin, pmin.int, Position, rank, rbind, Reduce, rowMeans, rownames,
    rowSums, sapply, setdiff, sort, table, tapply, union, unique,
    unsplit, which, which.max, which.min

The following objects are masked from ‘package:base’:

    anyDuplicated, append, as.data.frame, basename, cbind, colMeans,
    colnames, colSums, dirname, do.call, duplicated, eval, evalq,
    Filter, Find, get, grep, grepl, intersect, is.unsorted, lapply,
    lengths, Map, mapply, match, mget, order, paste, pmax, pmax.int,
    pmin, pmin.int, Position, rank, rbind, Reduce, rowMeans, rownames,
    rowSums, sapply, setdiff, sort, table, tapply, union, unique,
    unsplit, which, which.max, which.min

Loading required package: S4Vectors
Loading required package: S4Vectors

Attaching package: ‘S4Vectors’

The following objects are masked from ‘package:dplyr’:

    first, rename

The following object is masked from ‘package:base’:

    expand.grid

Loading required package: IRanges

Attaching package: ‘S4Vectors’

The following objects are masked from ‘package:dplyr’:

    first, rename

The following object is masked from ‘package:base’:

    expand.grid

Loading required package: IRanges

Attaching package: ‘S4Vectors’

The following objects are masked from ‘package:dplyr’:

    first, rename

The following object is masked from ‘package:base’:

    expand.grid

Loading required package: IRanges

Attaching package: ‘IRanges’

The following objects are masked from ‘package:dplyr’:

    collapse, desc, slice

Loading required package: GenomeInfoDb

Attaching package: ‘IRanges’

The following objects are masked from ‘package:dplyr’:

    collapse, desc, slice

Loading required package: GenomeInfoDb

Attaching package: ‘IRanges’

The following objects are masked from ‘package:dplyr’:

    collapse, desc, slice

Loading required package: GenomeInfoDb
Loading required package: GenomicFeatures
Loading required package: AnnotationDbi
Loading required package: Biobase
Loading required package: GenomicFeatures
Loading required package: AnnotationDbi
Loading required package: Biobase
Loading required package: GenomicFeatures
Loading required package: AnnotationDbi
Loading required package: Biobase
Welcome to Bioconductor

    Vignettes contain introductory material; view with
    'browseVignettes()'. To cite Bioconductor, see
    'citation("Biobase")', and for packages 'citation("pkgname")'.

Welcome to Bioconductor

    Vignettes contain introductory material; view with
    'browseVignettes()'. To cite Bioconductor, see
    'citation("Biobase")', and for packages 'citation("pkgname")'.

Welcome to Bioconductor

    Vignettes contain introductory material; view with
    'browseVignettes()'. To cite Bioconductor, see
    'citation("Biobase")', and for packages 'citation("pkgname")'.


Attaching package: ‘AnnotationDbi’

The following object is masked from ‘package:dplyr’:

    select


Attaching package: ‘AnnotationDbi’

The following object is masked from ‘package:dplyr’:

    select


Attaching package: ‘AnnotationDbi’

The following object is masked from ‘package:dplyr’:

    select


Execution halted

Execution halted

Execution halted
